2024-01-26 16:02:31,637 INFO [restartedMain] c.tc.tcappmall.TcappMallApplication [StartupInfoLogger.java : 55] Starting TcappMallApplication using Java 1.8.0_282 on C02CX28WMD6T with PID 14199 (/Users/honggang.liu/IdeaProjects/tcapp-mall/target/classes started by honggang.liu in /Users/honggang.liu/IdeaProjects/tcapp-mall)
2024-01-26 16:02:31,640 INFO [restartedMain] c.tc.tcappmall.TcappMallApplication [SpringApplication.java : 632] No active profile set, falling back to 1 default profile: "default"
2024-01-26 16:02:31,814 INFO [restartedMain] o.s.b.d.e.DevToolsPropertyDefaultsPostProcessor [DeferredLog.java : 255] Devtools property defaults active! Set 'spring.devtools.add-properties' to 'false' to disable
2024-01-26 16:02:31,814 INFO [restartedMain] o.s.b.d.e.DevToolsPropertyDefaultsPostProcessor [DeferredLog.java : 255] For additional web related logging consider setting the 'logging.level.web' property to 'DEBUG'
2024-01-26 16:02:32,972 WARN [restartedMain] o.m.s.mapper.ClassPathMapperScanner [Logger.java : 44] No MyBatis mapper was found in '[com.tc.tcappmall]' package. Please check your configuration.
2024-01-26 16:02:33,024 INFO [restartedMain] o.s.cloud.context.scope.GenericScope [GenericScope.java : 283] BeanFactory id=d8cd550d-affb-30a0-99cb-c8bd4056dac3
2024-01-26 16:02:33,092 INFO [restartedMain] o.s.c.s.PostProcessorRegistrationDelegate$BeanPostProcessorChecker [PostProcessorRegistrationDelegate.java : 376] Bean 'org.springframework.cloud.commons.config.CommonsConfigAutoConfiguration' of type [org.springframework.cloud.commons.config.CommonsConfigAutoConfiguration] is not eligible for getting processed by all BeanPostProcessors (for example: not eligible for auto-proxying)
2024-01-26 16:02:33,094 INFO [restartedMain] o.s.c.s.PostProcessorRegistrationDelegate$BeanPostProcessorChecker [PostProcessorRegistrationDelegate.java : 376] Bean 'org.springframework.cloud.client.loadbalancer.LoadBalancerDefaultMappingsProviderAutoConfiguration' of type [org.springframework.cloud.client.loadbalancer.LoadBalancerDefaultMappingsProviderAutoConfiguration] is not eligible for getting processed by all BeanPostProcessors (for example: not eligible for auto-proxying)
2024-01-26 16:02:33,094 INFO [restartedMain] o.s.c.s.PostProcessorRegistrationDelegate$BeanPostProcessorChecker [PostProcessorRegistrationDelegate.java : 376] Bean 'loadBalancerClientsDefaultsMappingsProvider' of type [org.springframework.cloud.client.loadbalancer.LoadBalancerDefaultMappingsProviderAutoConfiguration$$Lambda$409/2025454368] is not eligible for getting processed by all BeanPostProcessors (for example: not eligible for auto-proxying)
2024-01-26 16:02:33,096 INFO [restartedMain] o.s.c.s.PostProcessorRegistrationDelegate$BeanPostProcessorChecker [PostProcessorRegistrationDelegate.java : 376] Bean 'defaultsBindHandlerAdvisor' of type [org.springframework.cloud.commons.config.DefaultsBindHandlerAdvisor] is not eligible for getting processed by all BeanPostProcessors (for example: not eligible for auto-proxying)
2024-01-26 16:02:33,101 INFO [restartedMain] o.s.c.s.PostProcessorRegistrationDelegate$BeanPostProcessorChecker [PostProcessorRegistrationDelegate.java : 376] Bean 'stringToNoneShardingStrategyConfigurationConverter' of type [org.apache.shardingsphere.spring.boot.converter.StringToNoneShardingStrategyConfigurationConverter] is not eligible for getting processed by all BeanPostProcessors (for example: not eligible for auto-proxying)
2024-01-26 16:02:33,105 INFO [restartedMain] o.s.c.s.PostProcessorRegistrationDelegate$BeanPostProcessorChecker [PostProcessorRegistrationDelegate.java : 376] Bean 'spring.shardingsphere-org.apache.shardingsphere.spring.boot.prop.SpringBootPropertiesConfiguration' of type [org.apache.shardingsphere.spring.boot.prop.SpringBootPropertiesConfiguration] is not eligible for getting processed by all BeanPostProcessors (for example: not eligible for auto-proxying)
2024-01-26 16:02:33,378 INFO [restartedMain] o.s.c.s.PostProcessorRegistrationDelegate$BeanPostProcessorChecker [PostProcessorRegistrationDelegate.java : 376] Bean 'org.apache.shardingsphere.spring.boot.ShardingSphereAutoConfiguration' of type [org.apache.shardingsphere.spring.boot.ShardingSphereAutoConfiguration$$EnhancerBySpringCGLIB$$39368841] is not eligible for getting processed by all BeanPostProcessors (for example: not eligible for auto-proxying)
2024-01-26 16:02:33,902 INFO [restartedMain] o.s.b.w.e.tomcat.TomcatWebServer [TomcatWebServer.java : 108] Tomcat initialized with port(s): 8081 (http)
2024-01-26 16:02:33,909 INFO [restartedMain] o.a.coyote.http11.Http11NioProtocol [DirectJDKLog.java : 173] Initializing ProtocolHandler ["http-nio-8081"]
2024-01-26 16:02:33,912 INFO [restartedMain] o.a.catalina.core.StandardService [DirectJDKLog.java : 173] Starting service [Tomcat]
2024-01-26 16:02:33,912 INFO [restartedMain] o.a.catalina.core.StandardEngine [DirectJDKLog.java : 173] Starting Servlet engine: [Apache Tomcat/9.0.83]
2024-01-26 16:02:34,013 INFO [restartedMain] o.a.c.c.C.[Tomcat].[localhost].[/] [DirectJDKLog.java : 173] Initializing Spring embedded WebApplicationContext
2024-01-26 16:02:34,013 INFO [restartedMain] o.s.b.w.s.c.ServletWebServerApplicationContext [ServletWebServerApplicationContext.java : 292] Root WebApplicationContext: initialization completed in 2198 ms
2024-01-26 16:02:34,161 INFO [restartedMain] com.zaxxer.hikari.HikariDataSource [HikariDataSource.java : 110] HikariCP - Starting...
2024-01-26 16:02:34,821 INFO [restartedMain] com.zaxxer.hikari.HikariDataSource [HikariDataSource.java : 123] HikariCP - Start completed.
2024-01-26 16:02:34,837 INFO [restartedMain] com.zaxxer.hikari.HikariDataSource [HikariDataSource.java : 110] HikariCP - Starting...
2024-01-26 16:02:34,928 INFO [restartedMain] com.zaxxer.hikari.HikariDataSource [HikariDataSource.java : 123] HikariCP - Start completed.
2024-01-26 16:02:37,634 WARN [restartedMain] o.s.b.a.t.ThymeleafAutoConfiguration$DefaultTemplateResolverConfiguration [ThymeleafAutoConfiguration.java : 103] Cannot find template location: classpath:/templates/ (please add some templates, check your Thymeleaf configuration, or set spring.thymeleaf.check-template-location=false)
2024-01-26 16:02:37,900 INFO [restartedMain] org.quartz.impl.StdSchedulerFactory [StdSchedulerFactory.java : 1220] Using default implementation for ThreadExecutor
2024-01-26 16:02:37,922 INFO [restartedMain] o.quartz.core.SchedulerSignalerImpl [SchedulerSignalerImpl.java : 61] Initialized Scheduler Signaller of type: class org.quartz.core.SchedulerSignalerImpl
2024-01-26 16:02:37,923 INFO [restartedMain] org.quartz.core.QuartzScheduler [QuartzScheduler.java : 229] Quartz Scheduler v.2.3.2 created.
2024-01-26 16:02:37,924 INFO [restartedMain] org.quartz.simpl.RAMJobStore [RAMJobStore.java : 155] RAMJobStore initialized.
2024-01-26 16:02:37,926 INFO [restartedMain] org.quartz.core.QuartzScheduler [QuartzScheduler.java : 294] Scheduler meta-data: Quartz Scheduler (v2.3.2) 'quartzScheduler' with instanceId 'NON_CLUSTERED'
  Scheduler class: 'org.quartz.core.QuartzScheduler' - running locally.
  NOT STARTED.
  Currently in standby mode.
  Number of jobs executed: 0
  Using thread pool 'org.quartz.simpl.SimpleThreadPool' - with 10 threads.
  Using job-store 'org.quartz.simpl.RAMJobStore' - which does not support persistence. and is not clustered.

2024-01-26 16:02:37,927 INFO [restartedMain] org.quartz.impl.StdSchedulerFactory [StdSchedulerFactory.java : 1374] Quartz scheduler 'quartzScheduler' initialized from an externally provided properties instance.
2024-01-26 16:02:37,928 INFO [restartedMain] org.quartz.impl.StdSchedulerFactory [StdSchedulerFactory.java : 1378] Quartz scheduler version: 2.3.2
2024-01-26 16:02:37,928 INFO [restartedMain] org.quartz.core.QuartzScheduler [QuartzScheduler.java : 2293] JobFactory set to: org.springframework.scheduling.quartz.SpringBeanJobFactory@ac61dab
2024-01-26 16:02:38,526 INFO [restartedMain] o.s.s.web.DefaultSecurityFilterChain [DefaultSecurityFilterChain.java : 55] Will secure any request with [org.springframework.security.web.session.DisableEncodeUrlFilter@d76e478, org.springframework.security.web.context.request.async.WebAsyncManagerIntegrationFilter@44e67310, org.springframework.security.web.context.SecurityContextPersistenceFilter@9cd03dc, org.springframework.security.web.header.HeaderWriterFilter@7cbee805, org.springframework.security.web.csrf.CsrfFilter@54d7bb82, org.springframework.security.web.authentication.logout.LogoutFilter@1ba2941b, org.springframework.security.oauth2.client.web.OAuth2AuthorizationRequestRedirectFilter@621d4078, org.springframework.security.oauth2.client.web.OAuth2AuthorizationRequestRedirectFilter@3abed1e1, org.springframework.security.oauth2.client.web.OAuth2LoginAuthenticationFilter@72236834, org.springframework.security.web.authentication.ui.DefaultLoginPageGeneratingFilter@58827c8c, org.springframework.security.web.authentication.ui.DefaultLogoutPageGeneratingFilter@15969100, org.springframework.security.web.savedrequest.RequestCacheAwareFilter@d2c3d25, org.springframework.security.web.servletapi.SecurityContextHolderAwareRequestFilter@2f8f0aeb, org.springframework.security.web.authentication.AnonymousAuthenticationFilter@7b01f768, org.springframework.security.oauth2.client.web.OAuth2AuthorizationCodeGrantFilter@5645fa95, org.springframework.security.web.session.SessionManagementFilter@15abbfcb, org.springframework.security.web.access.ExceptionTranslationFilter@3a2b0ad7, org.springframework.security.web.access.intercept.FilterSecurityInterceptor@31cf36c0]
2024-01-26 16:02:38,710 WARN [restartedMain] o.s.b.a.f.FreeMarkerAutoConfiguration [FreeMarkerAutoConfiguration.java : 65] Cannot find template location(s): [classpath:/templates/] (please add some templates, check your FreeMarker configuration, or set spring.freemarker.check-template-location=false)
2024-01-26 16:02:38,753 INFO [restartedMain] o.s.b.d.a.OptionalLiveReloadServer [OptionalLiveReloadServer.java : 59] LiveReload server is running on port 35729
2024-01-26 16:02:39,026 INFO [restartedMain] o.a.coyote.http11.Http11NioProtocol [DirectJDKLog.java : 173] Starting ProtocolHandler ["http-nio-8081"]
2024-01-26 16:02:39,067 INFO [restartedMain] o.a.c.c.C.[Tomcat].[localhost].[/] [DirectJDKLog.java : 173] Initializing Spring DispatcherServlet 'dispatcherServlet'
2024-01-26 16:02:39,067 INFO [restartedMain] o.s.web.servlet.DispatcherServlet [FrameworkServlet.java : 525] Initializing Servlet 'dispatcherServlet'
2024-01-26 16:02:39,073 INFO [restartedMain] o.s.web.servlet.DispatcherServlet [FrameworkServlet.java : 547] Completed initialization in 6 ms
2024-01-26 16:02:39,074 INFO [restartedMain] o.s.b.w.e.tomcat.TomcatWebServer [TomcatWebServer.java : 220] Tomcat started on port(s): 8081 (http) with context path ''
2024-01-26 16:02:39,282 INFO [restartedMain] o.s.b.w.e.tomcat.TomcatWebServer [TomcatWebServer.java : 108] Tomcat initialized with port(s): 18000 (http)
2024-01-26 16:02:39,283 INFO [restartedMain] o.a.coyote.http11.Http11NioProtocol [DirectJDKLog.java : 173] Initializing ProtocolHandler ["http-nio-18000"]
2024-01-26 16:02:39,283 INFO [restartedMain] o.a.catalina.core.StandardService [DirectJDKLog.java : 173] Starting service [Tomcat]
2024-01-26 16:02:39,284 INFO [restartedMain] o.a.catalina.core.StandardEngine [DirectJDKLog.java : 173] Starting Servlet engine: [Apache Tomcat/9.0.83]
2024-01-26 16:02:39,298 INFO [restartedMain] o.a.c.c.C.[Tomcat-1].[localhost].[/] [DirectJDKLog.java : 173] Initializing Spring embedded WebApplicationContext
2024-01-26 16:02:39,298 INFO [restartedMain] o.s.b.w.s.c.ServletWebServerApplicationContext [ServletWebServerApplicationContext.java : 292] Root WebApplicationContext: initialization completed in 207 ms
2024-01-26 16:02:39,311 INFO [restartedMain] o.s.b.a.e.web.EndpointLinksResolver [EndpointLinksResolver.java : 58] Exposing 2 endpoint(s) beneath base path ''
2024-01-26 16:02:39,350 INFO [restartedMain] o.a.coyote.http11.Http11NioProtocol [DirectJDKLog.java : 173] Starting ProtocolHandler ["http-nio-18000"]
2024-01-26 16:02:39,352 INFO [restartedMain] o.s.b.w.e.tomcat.TomcatWebServer [TomcatWebServer.java : 220] Tomcat started on port(s): 18000 (http) with context path ''
2024-01-26 16:02:39,360 INFO [restartedMain] o.s.s.quartz.SchedulerFactoryBean [SchedulerFactoryBean.java : 729] Starting Quartz Scheduler now
2024-01-26 16:02:39,361 INFO [restartedMain] org.quartz.core.QuartzScheduler [QuartzScheduler.java : 547] Scheduler quartzScheduler_$_NON_CLUSTERED started.
2024-01-26 16:02:39,384 INFO [restartedMain] o.s.s.a.ScheduledAnnotationBeanPostProcessor [ScheduledAnnotationBeanPostProcessor.java : 315] No TaskScheduler/ScheduledExecutorService bean found for scheduled processing
2024-01-26 16:02:39,413 INFO [restartedMain] c.tc.tcappmall.TcappMallApplication [StartupInfoLogger.java : 61] Started TcappMallApplication in 8.158 seconds (JVM running for 9.374)
2024-01-26 16:02:46,642 INFO [SpringApplicationShutdownHook] org.quartz.core.QuartzScheduler [QuartzScheduler.java : 585] Scheduler quartzScheduler_$_NON_CLUSTERED paused.
2024-01-26 16:02:46,654 INFO [SpringApplicationShutdownHook] o.s.s.quartz.SchedulerFactoryBean [SchedulerFactoryBean.java : 847] Shutting down Quartz Scheduler
2024-01-26 16:02:46,654 INFO [SpringApplicationShutdownHook] org.quartz.core.QuartzScheduler [QuartzScheduler.java : 666] Scheduler quartzScheduler_$_NON_CLUSTERED shutting down.
2024-01-26 16:02:46,654 INFO [SpringApplicationShutdownHook] org.quartz.core.QuartzScheduler [QuartzScheduler.java : 585] Scheduler quartzScheduler_$_NON_CLUSTERED paused.
2024-01-26 16:02:46,654 INFO [SpringApplicationShutdownHook] org.quartz.core.QuartzScheduler [QuartzScheduler.java : 740] Scheduler quartzScheduler_$_NON_CLUSTERED shutdown complete.
2024-01-26 16:02:46,657 INFO [SpringApplicationShutdownHook] com.zaxxer.hikari.HikariDataSource [HikariDataSource.java : 350] HikariCP - Shutdown initiated...
2024-01-26 16:02:46,664 INFO [SpringApplicationShutdownHook] com.zaxxer.hikari.HikariDataSource [HikariDataSource.java : 352] HikariCP - Shutdown completed.
2024-01-26 16:02:46,664 INFO [SpringApplicationShutdownHook] com.zaxxer.hikari.HikariDataSource [HikariDataSource.java : 350] HikariCP - Shutdown initiated...
2024-01-26 16:02:46,667 INFO [SpringApplicationShutdownHook] com.zaxxer.hikari.HikariDataSource [HikariDataSource.java : 352] HikariCP - Shutdown completed.
